<?xml version="1.0" encoding="UTF-8"?>
<!-- Generated by org.testng.reporters.JUnitReportReporter -->
<testsuite hostname="DESKTOP-M6ACG1T" name="org.mma.training.selenium.NewTest" tests="1" failures="0" timestamp="29 Jun 2019 16:14:15 GMT" time="1.292" errors="0">
  <testcase name="testGooglePageTitleInIEBrowser" time="1.292" classname="org.mma.training.selenium.NewTest"/>
</testsuite> <!-- org.mma.training.selenium.NewTest -->
